<?xml version="1.0" encoding="UTF-8"?>
<testsuite xmlns:xsi="http://www.w3.org/2001/XMLSchema-instance" xsi:noNamespaceSchemaLocation="https://maven.apache.org/surefire/maven-surefire-plugin/xsd/surefire-test-report.xsd" name="BookPositiveTests" time="32.147" tests="5" errors="0" skipped="0" failures="0">
  <properties>
[...]
</properties>
  <testcase name="channelIdNotZero" classname="BookPositiveTests" time="0.001"/>
  <testcase name="dataRecordCurrencyPairIsCorrect" classname="BookPositiveTests" time="0.001"/>
  <testcase name="dataRecordbookNameIsCorrect" classname="BookPositiveTests" time="0"/>
  <testcase name="correctCurrencyPairIsReceived" classname="BookPositiveTests" time="0"/>
  <testcase name="channelNameAsExpected" classname="BookPositiveTests" time="0.001"/>
</testsuite>